0 info it worked if it ends with ok
1 verbose cli [ '/usr/sbin/node', '/usr/sbin/npm', 'publish' ]
2 info using npm@1.3.14
3 info using node@v0.10.22
4 verbose node symlink /usr/sbin/node
5 verbose publish [ '.' ]
6 verbose cache add [ '.', null ]
7 verbose cache add name=undefined spec="." args=[".",null]
8 verbose parsed url { protocol: null,
8 verbose parsed url   slashes: null,
8 verbose parsed url   auth: null,
8 verbose parsed url   host: null,
8 verbose parsed url   port: null,
8 verbose parsed url   hostname: null,
8 verbose parsed url   hash: null,
8 verbose parsed url   search: null,
8 verbose parsed url   query: null,
8 verbose parsed url   pathname: '.',
8 verbose parsed url   path: '.',
8 verbose parsed url   href: '.' }
9 silly lockFile 3a52ce78- .
10 verbose lock . /home/ehome/.npm/3a52ce78-.lock
11 verbose tar pack [ '/home/ehome/tmp/npm-29333-v96pV5j7/1386173126464-0.3490690963808447/tmp.tgz',
11 verbose tar pack   '.' ]
12 verbose tarball /home/ehome/tmp/npm-29333-v96pV5j7/1386173126464-0.3490690963808447/tmp.tgz
13 verbose folder .
14 info prepublish hexo-renderer-pandoc@0.0.1
15 silly lockFile 1f1177db-tar tar://.
16 verbose lock tar://. /home/ehome/.npm/1f1177db-tar.lock
17 silly lockFile f5ed3a1b-26464-0-3490690963808447-tmp-tgz tar:///home/ehome/tmp/npm-29333-v96pV5j7/1386173126464-0.3490690963808447/tmp.tgz
18 verbose lock tar:///home/ehome/tmp/npm-29333-v96pV5j7/1386173126464-0.3490690963808447/tmp.tgz /home/ehome/.npm/f5ed3a1b-26464-0-3490690963808447-tmp-tgz.lock
19 silly lockFile 1f1177db-tar tar://.
20 silly lockFile 1f1177db-tar tar://.
21 silly lockFile f5ed3a1b-26464-0-3490690963808447-tmp-tgz tar:///home/ehome/tmp/npm-29333-v96pV5j7/1386173126464-0.3490690963808447/tmp.tgz
22 silly lockFile f5ed3a1b-26464-0-3490690963808447-tmp-tgz tar:///home/ehome/tmp/npm-29333-v96pV5j7/1386173126464-0.3490690963808447/tmp.tgz
23 verbose tar unpack /home/ehome/tmp/npm-29333-v96pV5j7/1386173126464-0.3490690963808447/tmp.tgz
24 silly lockFile b643fdf1-26464-0-3490690963808447-package tar:///home/ehome/tmp/npm-29333-v96pV5j7/1386173126464-0.3490690963808447/package
25 verbose lock tar:///home/ehome/tmp/npm-29333-v96pV5j7/1386173126464-0.3490690963808447/package /home/ehome/.npm/b643fdf1-26464-0-3490690963808447-package.lock
26 silly lockFile f5ed3a1b-26464-0-3490690963808447-tmp-tgz tar:///home/ehome/tmp/npm-29333-v96pV5j7/1386173126464-0.3490690963808447/tmp.tgz
27 verbose lock tar:///home/ehome/tmp/npm-29333-v96pV5j7/1386173126464-0.3490690963808447/tmp.tgz /home/ehome/.npm/f5ed3a1b-26464-0-3490690963808447-tmp-tgz.lock
28 silly gunzTarPerm modes [ '755', '644' ]
29 silly gunzTarPerm extractEntry package.json
30 silly gunzTarPerm extractEntry README.md
31 silly gunzTarPerm extractEntry LICENSE
32 silly gunzTarPerm extractEntry index.js
33 silly lockFile b643fdf1-26464-0-3490690963808447-package tar:///home/ehome/tmp/npm-29333-v96pV5j7/1386173126464-0.3490690963808447/package
34 silly lockFile b643fdf1-26464-0-3490690963808447-package tar:///home/ehome/tmp/npm-29333-v96pV5j7/1386173126464-0.3490690963808447/package
35 silly lockFile f5ed3a1b-26464-0-3490690963808447-tmp-tgz tar:///home/ehome/tmp/npm-29333-v96pV5j7/1386173126464-0.3490690963808447/tmp.tgz
36 silly lockFile f5ed3a1b-26464-0-3490690963808447-tmp-tgz tar:///home/ehome/tmp/npm-29333-v96pV5j7/1386173126464-0.3490690963808447/tmp.tgz
37 verbose tar pack [ '/home/ehome/.npm/hexo-renderer-pandoc/0.0.1/package.tgz',
37 verbose tar pack   '/home/ehome/tmp/npm-29333-v96pV5j7/1386173126464-0.3490690963808447/package' ]
38 verbose tarball /home/ehome/.npm/hexo-renderer-pandoc/0.0.1/package.tgz
39 verbose folder /home/ehome/tmp/npm-29333-v96pV5j7/1386173126464-0.3490690963808447/package
40 silly lockFile b643fdf1-26464-0-3490690963808447-package tar:///home/ehome/tmp/npm-29333-v96pV5j7/1386173126464-0.3490690963808447/package
41 verbose lock tar:///home/ehome/tmp/npm-29333-v96pV5j7/1386173126464-0.3490690963808447/package /home/ehome/.npm/b643fdf1-26464-0-3490690963808447-package.lock
42 silly lockFile a0e0296b-enderer-pandoc-0-0-1-package-tgz tar:///home/ehome/.npm/hexo-renderer-pandoc/0.0.1/package.tgz
43 verbose lock tar:///home/ehome/.npm/hexo-renderer-pandoc/0.0.1/package.tgz /home/ehome/.npm/a0e0296b-enderer-pandoc-0-0-1-package-tgz.lock
44 silly lockFile b643fdf1-26464-0-3490690963808447-package tar:///home/ehome/tmp/npm-29333-v96pV5j7/1386173126464-0.3490690963808447/package
45 silly lockFile b643fdf1-26464-0-3490690963808447-package tar:///home/ehome/tmp/npm-29333-v96pV5j7/1386173126464-0.3490690963808447/package
46 silly lockFile a0e0296b-enderer-pandoc-0-0-1-package-tgz tar:///home/ehome/.npm/hexo-renderer-pandoc/0.0.1/package.tgz
47 silly lockFile a0e0296b-enderer-pandoc-0-0-1-package-tgz tar:///home/ehome/.npm/hexo-renderer-pandoc/0.0.1/package.tgz
48 silly lockFile 356c4997-xo-renderer-pandoc-0-0-1-package /home/ehome/.npm/hexo-renderer-pandoc/0.0.1/package
49 verbose lock /home/ehome/.npm/hexo-renderer-pandoc/0.0.1/package /home/ehome/.npm/356c4997-xo-renderer-pandoc-0-0-1-package.lock
50 silly lockFile 356c4997-xo-renderer-pandoc-0-0-1-package /home/ehome/.npm/hexo-renderer-pandoc/0.0.1/package
51 silly lockFile 356c4997-xo-renderer-pandoc-0-0-1-package /home/ehome/.npm/hexo-renderer-pandoc/0.0.1/package
52 verbose tar unpack /home/ehome/.npm/hexo-renderer-pandoc/0.0.1/package.tgz
53 silly lockFile 74e6c316-xo-renderer-pandoc-0-0-1-package tar:///home/ehome/.npm/hexo-renderer-pandoc/0.0.1/package
54 verbose lock tar:///home/ehome/.npm/hexo-renderer-pandoc/0.0.1/package /home/ehome/.npm/74e6c316-xo-renderer-pandoc-0-0-1-package.lock
55 silly lockFile a0e0296b-enderer-pandoc-0-0-1-package-tgz tar:///home/ehome/.npm/hexo-renderer-pandoc/0.0.1/package.tgz
56 verbose lock tar:///home/ehome/.npm/hexo-renderer-pandoc/0.0.1/package.tgz /home/ehome/.npm/a0e0296b-enderer-pandoc-0-0-1-package-tgz.lock
57 silly gunzTarPerm modes [ '755', '644' ]
58 silly gunzTarPerm extractEntry package.json
59 silly gunzTarPerm extractEntry README.md
60 silly gunzTarPerm extractEntry LICENSE
61 silly gunzTarPerm extractEntry index.js
62 silly lockFile 74e6c316-xo-renderer-pandoc-0-0-1-package tar:///home/ehome/.npm/hexo-renderer-pandoc/0.0.1/package
63 silly lockFile 74e6c316-xo-renderer-pandoc-0-0-1-package tar:///home/ehome/.npm/hexo-renderer-pandoc/0.0.1/package
64 silly lockFile a0e0296b-enderer-pandoc-0-0-1-package-tgz tar:///home/ehome/.npm/hexo-renderer-pandoc/0.0.1/package.tgz
65 silly lockFile a0e0296b-enderer-pandoc-0-0-1-package-tgz tar:///home/ehome/.npm/hexo-renderer-pandoc/0.0.1/package.tgz
66 verbose chmod /home/ehome/.npm/hexo-renderer-pandoc/0.0.1/package.tgz 644
67 verbose chown /home/ehome/.npm/hexo-renderer-pandoc/0.0.1/package.tgz [ 1000, 100 ]
68 silly lockFile 3a52ce78- .
69 silly lockFile 3a52ce78- .
70 silly publish { name: 'hexo-renderer-pandoc',
70 silly publish   version: '0.0.1',
70 silly publish   main: 'index',
70 silly publish   dependencies: {},
70 silly publish   readme: 'hexo-renderer-pandoc\n=====\n\nYet another markdown renderer plugin for [Hexo](http://zespia.tw/hexo). It can converts [Pandoc\'s markdown](http://johnmacfarlane.net/pandoc/) to HTML(or other [formats](http://johnmacfarlane.net/pandoc/index.html) as you like).\n\nBefore using this, please make sure you have installed pandoc.\n\n## Credits ##\n\nI\'d like to thank [John MacFarlane](http://johnmacfarlane.net/) for creating Pandoc and [John Gruber](http://daringfireball.net/) for developing Markdown. Also, this work is based on @pvorb ([Paul Vorbach](https://github.com/pvorb/)) \'s [node-pdc](https://github.com/pvorb/node-pdc) wrapper for pandoc.\n',
70 silly publish   readmeFilename: 'README.md',
70 silly publish   description: 'hexo-renderer-pandoc =====',
70 silly publish   _id: 'hexo-renderer-pandoc@0.0.1',
70 silly publish   dist: { shasum: 'bb6f38030d5f5869abe6aa9eaedc88ad94182d35' },
70 silly publish   _from: '.' }
71 verbose url raw hexo-renderer-pandoc
72 verbose url resolving [ 'https://registry.npmjs.org/', './hexo-renderer-pandoc' ]
73 verbose url resolved https://registry.npmjs.org/hexo-renderer-pandoc
74 info trying registry request attempt 1 at 16:05:26
75 http PUT https://registry.npmjs.org/hexo-renderer-pandoc
76 http 409 https://registry.npmjs.org/hexo-renderer-pandoc
77 verbose url raw hexo-renderer-pandoc
78 verbose url resolving [ 'https://registry.npmjs.org/', './hexo-renderer-pandoc' ]
79 verbose url resolved https://registry.npmjs.org/hexo-renderer-pandoc
80 info trying registry request attempt 1 at 16:05:42
81 http GET https://registry.npmjs.org/hexo-renderer-pandoc
82 http 200 https://registry.npmjs.org/hexo-renderer-pandoc
83 error publish fail Cannot publish over existing version.
83 error publish fail Update the 'version' field in package.json and try again.
83 error publish fail
83 error publish fail If the previous version was published in error, see:
83 error publish fail     npm help unpublish
83 error publish fail
83 error publish fail To automatically increment version numbers, see:
83 error publish fail     npm help version
84 error System Linux 3.12.1-1-ARCH
85 error command "/usr/sbin/node" "/usr/sbin/npm" "publish"
86 error cwd /home/ehome/Documents/projects/hexo-renderer-pandoc
87 error node -v v0.10.22
88 error npm -v 1.3.14
89 error code EPUBLISHCONFLICT
90 verbose exit [ 1, true ]
